<?xml version="1.0" encoding="UTF-8"?>
<!-- Generated by org.testng.reporters.JUnitXMLReporter -->
<testsuite ignored="1" hostname="mohit-Inspiron-3542" failures="0" tests="1" name="Default test" time="0.088" errors="0" timestamp="2021-04-25T12:52:22 IST">
  <testcase classname="mohit_classroom.Mavenjava.seleniumTest" name="elementsui" time="0.017"/>
  <testcase classname="mohit_classroom.Mavenjava.seleniumTest" name="browserautomation" time="0.0">
    <ignored/>
  </testcase> <!-- browserautomation -->
</testsuite> <!-- Default test -->
