<?xml version="1.0" encoding="UTF-8"?>
<!-- Generated by org.testng.reporters.JUnitXMLReporter -->
<testsuite ignored="0" hostname="mohit-Inspiron-3542" failures="0" tests="6" name="Test" time="0.136" errors="0" timestamp="2021-04-25T13:20:16 IST">
  <testcase classname="mohit_classroom.Mavenjava.appiumTest" name="iosapps" time="0.021"/>
  <testcase classname="mohit_classroom.Mavenjava.appiumTest" name="nativeappandroid" time="0.003"/>
  <testcase classname="mohit_classroom.Mavenjava.seleniumTest" name="browserautomation" time="0.007"/>
  <testcase classname="mohit_classroom.Mavenjava.seleniumTest" name="elementsui" time="0.003"/>
  <testcase classname="mohit_classroom.Mavenjava.restapiTest" name="deletetwitter" time="0.003"/>
  <testcase classname="mohit_classroom.Mavenjava.restapiTest" name="postjira" time="0.005"/>
</testsuite> <!-- Test -->
